SUMMARY OF C0NVERGENCE INFORMATION
  STEP   INC  ATT   ITER     CONT.   RESID.        CORR.      RESID.      CORR.
                              EL.    FORCE         DISP       FLUX        TEMP.
                              (#)     (%)           (%)        (%)         (%)
     1     1     1     1        0  0.0000E+00  0.1000E+03  0.0000E+00  0.0000E+00
     1     1     1     2        0  0.0000E+00  0.5237E-08  0.0000E+00  0.0000E+00
     1     2     1     1        0  0.0000E+00  0.4886E+02  0.0000E+00  0.0000E+00
     1     2     1     2        0  0.0000E+00  0.1057E-08  0.0000E+00  0.0000E+00
     1     3     1     1        0  0.0000E+00  0.2008E+02  0.0000E+00  0.0000E+00
     1     3     1     2        0  0.0000E+00  0.5623E-09  0.0000E+00  0.0000E+00
     1     4     1     1        0  0.0000E+00  0.6791E+01  0.0000E+00  0.0000E+00
     1     4     1     2        0  0.0000E+00  0.4426E-09  0.0000E+00  0.0000E+00
     1     5     1     1        0  0.0000E+00  0.5456E+01  0.0000E+00  0.0000E+00
     1     5     1     2        0  0.0000E+00  0.2360E-09  0.0000E+00  0.0000E+00
     1     6     1     1        0  0.0000E+00  0.5969E+01  0.0000E+00  0.0000E+00
     1     6     1     2        0  0.0000E+00  0.1694E-09  0.0000E+00  0.0000E+00
     1     7     1     1        0  0.0000E+00  0.2928E+01  0.0000E+00  0.0000E+00
     1     7     1     2        0  0.0000E+00  0.8118E-10  0.0000E+00  0.0000E+00
     1     8     1     1        0  0.0000E+00  0.1257E+01  0.0000E+00  0.0000E+00
     1     8     1     2        0  0.0000E+00  0.5587E-10  0.0000E+00  0.0000E+00
     1     9     1     1        0  0.0000E+00  0.2446E+01  0.0000E+00  0.0000E+00
     1     9     1     2        0  0.0000E+00  0.1066E-09  0.0000E+00  0.0000E+00
     1    10     1     1        0  0.0000E+00  0.2378E+01  0.0000E+00  0.0000E+00
     1    10     1     2        0  0.0000E+00  0.6442E-10  0.0000E+00  0.0000E+00
     1    11     1     1        0  0.0000E+00  0.3782E+01  0.0000E+00  0.0000E+00
     1    11     1     2        0  0.0000E+00  0.2135E-09  0.0000E+00  0.0000E+00
     1    12     1     1        0  0.0000E+00  0.6115E+01  0.0000E+00  0.0000E+00
     1    12     1     2        0  0.0000E+00  0.1342E-09  0.0000E+00  0.0000E+00
     1    13     1     1        0  0.0000E+00  0.8393E+01  0.0000E+00  0.0000E+00
     1    13     1     2        0  0.0000E+00  0.1516E-09  0.0000E+00  0.0000E+00
     1    14     1     1        0  0.0000E+00  0.9980E+01  0.0000E+00  0.0000E+00
     1    14     1     2        0  0.0000E+00  0.2428E-09  0.0000E+00  0.0000E+00
     1    15     1     1        0  0.0000E+00  0.1107E+02  0.0000E+00  0.0000E+00
     1    15     1     2        0  0.0000E+00  0.5256E-09  0.0000E+00  0.0000E+00
     1    16     1     1        0  0.0000E+00  0.1931E+02  0.0000E+00  0.0000E+00
     1    16     1     2        0  0.0000E+00  0.8662E-09  0.0000E+00  0.0000E+00
     1    17     1     1        0  0.0000E+00  0.4909E+02  0.0000E+00  0.0000E+00
     1    17     1     2        0  0.0000E+00  0.1114E-08  0.0000E+00  0.0000E+00
     1    18     1     1        0  0.0000E+00  0.3883E+02  0.0000E+00  0.0000E+00
     1    18     1     2        0  0.0000E+00  0.8367E-09  0.0000E+00  0.0000E+00
     1    19     1     1        0  0.0000E+00  0.8598E+01  0.0000E+00  0.0000E+00
     1    19     1     2        0  0.0000E+00  0.4253E-09  0.0000E+00  0.0000E+00
     1    20     1     1        0  0.0000E+00  0.1755E+02  0.0000E+00  0.0000E+00
     1    20     1     2        0  0.0000E+00  0.4063E-09  0.0000E+00  0.0000E+00
     1    21     1     1        0  0.0000E+00  0.3093E+02  0.0000E+00  0.0000E+00
     1    21     1     2        0  0.0000E+00  0.1454E-08  0.0000E+00  0.0000E+00
     1    22     1     1        0  0.0000E+00  0.1000E+03  0.0000E+00  0.0000E+00
     1    22     1     2        0  0.0000E+00  0.4231E-08  0.0000E+00  0.0000E+00
     1    23     1     1        0  0.0000E+00  0.3920E+02  0.0000E+00  0.0000E+00
     1    23     1     2        0  0.0000E+00  0.1084E-08  0.0000E+00  0.0000E+00
     1    24     1     1        0  0.0000E+00  0.2283E+02  0.0000E+00  0.0000E+00
     1    24     1     2        0  0.0000E+00  0.4956E-09  0.0000E+00  0.0000E+00
     1    25     1     1        0  0.0000E+00  0.1020E+02  0.0000E+00  0.0000E+00
     1    25     1     2        0  0.0000E+00  0.3660E-09  0.0000E+00  0.0000E+00
     1    26     1     1        0  0.0000E+00  0.5790E+01  0.0000E+00  0.0000E+00
     1    26     1     2        0  0.0000E+00  0.2912E-09  0.0000E+00  0.0000E+00
     1    27     1     1        0  0.0000E+00  0.4572E+01  0.0000E+00  0.0000E+00
     1    27     1     2        0  0.0000E+00  0.1100E-09  0.0000E+00  0.0000E+00
     1    28     1     1        0  0.0000E+00  0.3548E+01  0.0000E+00  0.0000E+00
     1    28     1     2        0  0.0000E+00  0.6995E-10  0.0000E+00  0.0000E+00
     1    29     1     1        0  0.0000E+00  0.1340E+01  0.0000E+00  0.0000E+00
     1    29     1     2        0  0.0000E+00  0.3900E-10  0.0000E+00  0.0000E+00
     1    30     1     1        0  0.0000E+00  0.1610E+01  0.0000E+00  0.0000E+00
     1    30     1     2        0  0.0000E+00  0.4751E-10  0.0000E+00  0.0000E+00
     1    31     1     1        0  0.0000E+00  0.2435E+01  0.0000E+00  0.0000E+00
     1    31     1     2        0  0.0000E+00  0.5598E-10  0.0000E+00  0.0000E+00
     1    32     1     1        0  0.0000E+00  0.2941E+01  0.0000E+00  0.0000E+00
     1    32     1     2        0  0.0000E+00  0.1471E-09  0.0000E+00  0.0000E+00
     1    33     1     1        0  0.0000E+00  0.4182E+01  0.0000E+00  0.0000E+00
     1    33     1     2        0  0.0000E+00  0.1714E-09  0.0000E+00  0.0000E+00
     1    34     1     1        0  0.0000E+00  0.7244E+01  0.0000E+00  0.0000E+00
     1    34     1     2        0  0.0000E+00  0.1474E-09  0.0000E+00  0.0000E+00
     1    35     1     1        0  0.0000E+00  0.9518E+01  0.0000E+00  0.0000E+00
     1    35     1     2        0  0.0000E+00  0.2425E-09  0.0000E+00  0.0000E+00
     1    36     1     1        0  0.0000E+00  0.1179E+02  0.0000E+00  0.0000E+00
     1    36     1     2        0  0.0000E+00  0.4188E-09  0.0000E+00  0.0000E+00
     1    37     1     1        0  0.0000E+00  0.1524E+02  0.0000E+00  0.0000E+00
     1    37     1     2        0  0.0000E+00  0.7314E-09  0.0000E+00  0.0000E+00
     1    38     1     1        0  0.0000E+00  0.3685E+02  0.0000E+00  0.0000E+00
     1    38     1     2        0  0.0000E+00  0.9343E-09  0.0000E+00  0.0000E+00
     1    39     1     1        0  0.0000E+00  0.8726E+02  0.0000E+00  0.0000E+00
     1    39     1     2        0  0.0000E+00  0.2489E-08  0.0000E+00  0.0000E+00
     1    40     1     1        0  0.0000E+00  0.2179E+01  0.0000E+00  0.0000E+00
     1    40     1     2        0  0.0000E+00  0.1541E-09  0.0000E+00  0.0000E+00
     1    41     1     1        0  0.0000E+00  0.1345E+02  0.0000E+00  0.0000E+00
     1    41     1     2        0  0.0000E+00  0.4027E-09  0.0000E+00  0.0000E+00
     1    42     1     1        0  0.0000E+00  0.2720E+02  0.0000E+00  0.0000E+00
     1    42     1     2        0  0.0000E+00  0.7939E-09  0.0000E+00  0.0000E+00
     1    43     1     1        0  0.0000E+00  0.1000E+03  0.0000E+00  0.0000E+00
     1    43     1     2        0  0.0000E+00  0.4576E-08  0.0000E+00  0.0000E+00
     1    44     1     1        0  0.0000E+00  0.4398E+02  0.0000E+00  0.0000E+00
     1    44     1     2        0  0.0000E+00  0.1552E-08  0.0000E+00  0.0000E+00
     1    45     1     1        0  0.0000E+00  0.2265E+02  0.0000E+00  0.0000E+00
     1    45     1     2        0  0.0000E+00  0.5268E-09  0.0000E+00  0.0000E+00
     1    46     1     1        0  0.0000E+00  0.1210E+02  0.0000E+00  0.0000E+00
     1    46     1     2        0  0.0000E+00  0.3057E-09  0.0000E+00  0.0000E+00
     1    47     1     1        0  0.0000E+00  0.6137E+01  0.0000E+00  0.0000E+00
     1    47     1     2        0  0.0000E+00  0.2592E-09  0.0000E+00  0.0000E+00
     1    48     1     1        0  0.0000E+00  0.4378E+01  0.0000E+00  0.0000E+00
     1    48     1     2        0  0.0000E+00  0.1712E-09  0.0000E+00  0.0000E+00
     1    49     1     1        0  0.0000E+00  0.3241E+01  0.0000E+00  0.0000E+00
     1    49     1     2        0  0.0000E+00  0.6908E-10  0.0000E+00  0.0000E+00
     1    50     1     1        0  0.0000E+00  0.1737E+01  0.0000E+00  0.0000E+00
     1    50     1     2        0  0.0000E+00  0.4397E-10  0.0000E+00  0.0000E+00
     1    51     1     1        0  0.0000E+00  0.1406E+01  0.0000E+00  0.0000E+00
     1    51     1     2        0  0.0000E+00  0.4477E-10  0.0000E+00  0.0000E+00
     1    52     1     1        0  0.0000E+00  0.4279E+01  0.0000E+00  0.0000E+00
     1    52     1     2        0  0.0000E+00  0.9430E-10  0.0000E+00  0.0000E+00
     1    53     1     1        0  0.0000E+00  0.6687E+01  0.0000E+00  0.0000E+00
     1    53     1     2        0  0.0000E+00  0.1957E-09  0.0000E+00  0.0000E+00
     1    54     1     1        0  0.0000E+00  0.1042E+02  0.0000E+00  0.0000E+00
     1    54     1     2        0  0.0000E+00  0.3682E-09  0.0000E+00  0.0000E+00
     1    55     1     1        0  0.0000E+00  0.1866E+02  0.0000E+00  0.0000E+00
     1    55     1     2        0  0.0000E+00  0.6242E-09  0.0000E+00  0.0000E+00
     1    56     1     1        0  0.0000E+00  0.5726E+02  0.0000E+00  0.0000E+00
     1    56     1     2        0  0.0000E+00  0.1559E-08  0.0000E+00  0.0000E+00
     1    57     1     1        0  0.0000E+00  0.5006E+02  0.0000E+00  0.0000E+00
     1    57     1     2        0  0.0000E+00  0.1454E-08  0.0000E+00  0.0000E+00
     1    58     1     1        0  0.0000E+00  0.1419E+02  0.0000E+00  0.0000E+00
     1    58     1     2        0  0.0000E+00  0.4883E-09  0.0000E+00  0.0000E+00
     1    59     1     1        0  0.0000E+00  0.6573E+01  0.0000E+00  0.0000E+00
     1    59     1     2        0  0.0000E+00  0.2338E-09  0.0000E+00  0.0000E+00
     1    60     1     1        0  0.0000E+00  0.3165E+01  0.0000E+00  0.0000E+00
     1    60     1     2        0  0.0000E+00  0.7793E-10  0.0000E+00  0.0000E+00
     1    61     1     1        0  0.0000E+00  0.5811E+00  0.0000E+00  0.0000E+00
     1    61     1     2        0  0.0000E+00  0.2459E-10  0.0000E+00  0.0000E+00
     1    62     1     1        0  0.0000E+00  0.2471E+01  0.0000E+00  0.0000E+00
     1    62     1     2        0  0.0000E+00  0.6124E-10  0.0000E+00  0.0000E+00
     1    63     1     1        0  0.0000E+00  0.5236E+01  0.0000E+00  0.0000E+00
     1    63     1     2        0  0.0000E+00  0.1317E-09  0.0000E+00  0.0000E+00
     1    64     1     1        0  0.0000E+00  0.8041E+01  0.0000E+00  0.0000E+00
     1    64     1     2        0  0.0000E+00  0.2580E-09  0.0000E+00  0.0000E+00
     1    65     1     1        0  0.0000E+00  0.1292E+02  0.0000E+00  0.0000E+00
     1    65     1     2        0  0.0000E+00  0.4457E-09  0.0000E+00  0.0000E+00
     1    66     1     1        0  0.0000E+00  0.2600E+02  0.0000E+00  0.0000E+00
     1    66     1     2        0  0.0000E+00  0.8183E-09  0.0000E+00  0.0000E+00
     1    67     1     1        0  0.0000E+00  0.1000E+03  0.0000E+00  0.0000E+00
     1    67     1     2        0  0.0000E+00  0.2826E-08  0.0000E+00  0.0000E+00
     1    68     1     1        0  0.0000E+00  0.2665E+02  0.0000E+00  0.0000E+00
     1    68     1     2        0  0.0000E+00  0.8032E-09  0.0000E+00  0.0000E+00
     1    69     1     1        0  0.0000E+00  0.1014E+02  0.0000E+00  0.0000E+00
     1    69     1     2        0  0.0000E+00  0.3560E-09  0.0000E+00  0.0000E+00
     1    70     1     1        0  0.0000E+00  0.4782E+01  0.0000E+00  0.0000E+00
     1    70     1     2        0  0.0000E+00  0.1615E-09  0.0000E+00  0.0000E+00
     1    71     1     1        0  0.0000E+00  0.2024E+01  0.0000E+00  0.0000E+00
     1    71     1     2        0  0.0000E+00  0.3827E-10  0.0000E+00  0.0000E+00
     1    72     1     1        0  0.0000E+00  0.7135E+00  0.0000E+00  0.0000E+00
     1    72     1     2        0  0.0000E+00  0.3624E-10  0.0000E+00  0.0000E+00
     1    73     1     1        0  0.0000E+00  0.3490E+01  0.0000E+00  0.0000E+00
     1    73     1     2        0  0.0000E+00  0.9479E-10  0.0000E+00  0.0000E+00
     1    74     1     1        0  0.0000E+00  0.6215E+01  0.0000E+00  0.0000E+00
     1    74     1     2        0  0.0000E+00  0.1773E-09  0.0000E+00  0.0000E+00
     1    75     1     1        0  0.0000E+00  0.9661E+01  0.0000E+00  0.0000E+00
     1    75     1     2        0  0.0000E+00  0.3147E-09  0.0000E+00  0.0000E+00
     1    76     1     1        0  0.0000E+00  0.1638E+02  0.0000E+00  0.0000E+00
     1    76     1     2        0  0.0000E+00  0.5493E-09  0.0000E+00  0.0000E+00
     1    77     1     1        0  0.0000E+00  0.4209E+02  0.0000E+00  0.0000E+00
     1    77     1     2        0  0.0000E+00  0.1283E-08  0.0000E+00  0.0000E+00
     1    78     1     1        0  0.0000E+00  0.8132E+02  0.0000E+00  0.0000E+00
     1    78     1     2        0  0.0000E+00  0.2330E-08  0.0000E+00  0.0000E+00
     1    79     1     1        0  0.0000E+00  0.1704E+02  0.0000E+00  0.0000E+00
     1    79     1     2        0  0.0000E+00  0.5359E-09  0.0000E+00  0.0000E+00
     1    80     1     1        0  0.0000E+00  0.7453E+01  0.0000E+00  0.0000E+00
     1    80     1     2        0  0.0000E+00  0.2609E-09  0.0000E+00  0.0000E+00
     1    81     1     1        0  0.0000E+00  0.3483E+01  0.0000E+00  0.0000E+00
     1    81     1     2        0  0.0000E+00  0.1131E-09  0.0000E+00  0.0000E+00
     1    82     1     1        0  0.0000E+00  0.8888E+00  0.0000E+00  0.0000E+00
     1    82     1     2        0  0.0000E+00  0.2760E-10  0.0000E+00  0.0000E+00
     1    83     1     1        0  0.0000E+00  0.1819E+01  0.0000E+00  0.0000E+00
     1    83     1     2        0  0.0000E+00  0.6096E-10  0.0000E+00  0.0000E+00
     1    84     1     1        0  0.0000E+00  0.4533E+01  0.0000E+00  0.0000E+00
     1    84     1     2        0  0.0000E+00  0.1257E-09  0.0000E+00  0.0000E+00
     1    85     1     1        0  0.0000E+00  0.7430E+01  0.0000E+00  0.0000E+00
     1    85     1     2        0  0.0000E+00  0.2216E-09  0.0000E+00  0.0000E+00
     1    86     1     1        0  0.0000E+00  0.1176E+02  0.0000E+00  0.0000E+00
     1    86     1     2        0  0.0000E+00  0.3879E-09  0.0000E+00  0.0000E+00
     1    87     1     1        0  0.0000E+00  0.2220E+02  0.0000E+00  0.0000E+00
     1    87     1     2        0  0.0000E+00  0.7226E-09  0.0000E+00  0.0000E+00
     1    88     1     1        0  0.0000E+00  0.1000E+03  0.0000E+00  0.0000E+00
     1    88     1     2        0  0.0000E+00  0.3004E-08  0.0000E+00  0.0000E+00
     1    89     1     1        0  0.0000E+00  0.3432E+02  0.0000E+00  0.0000E+00
     1    89     1     2        0  0.0000E+00  0.1008E-08  0.0000E+00  0.0000E+00
     1    90     1     1        0  0.0000E+00  0.1198E+02  0.0000E+00  0.0000E+00
     1    90     1     2        0  0.0000E+00  0.3886E-09  0.0000E+00  0.0000E+00
     1    91     1     1        0  0.0000E+00  0.5598E+01  0.0000E+00  0.0000E+00
     1    91     1     2        0  0.0000E+00  0.1949E-09  0.0000E+00  0.0000E+00
     1    92     1     1        0  0.0000E+00  0.2273E+01  0.0000E+00  0.0000E+00
     1    92     1     2        0  0.0000E+00  0.6645E-10  0.0000E+00  0.0000E+00
     1    93     1     1        0  0.0000E+00  0.4403E+00  0.0000E+00  0.0000E+00
     1    93     1     2        0  0.0000E+00  0.2341E-10  0.0000E+00  0.0000E+00
     1    94     1     1        0  0.0000E+00  0.2863E+01  0.0000E+00  0.0000E+00
     1    94     1     2        0  0.0000E+00  0.8869E-10  0.0000E+00  0.0000E+00
     1    95     1     1        0  0.0000E+00  0.5650E+01  0.0000E+00  0.0000E+00
     1    95     1     2        0  0.0000E+00  0.1585E-09  0.0000E+00  0.0000E+00
     1    96     1     1        0  0.0000E+00  0.8939E+01  0.0000E+00  0.0000E+00
     1    96     1     2        0  0.0000E+00  0.2758E-09  0.0000E+00  0.0000E+00
     1    97     1     1        0  0.0000E+00  0.1482E+02  0.0000E+00  0.0000E+00
     1    97     1     2        0  0.0000E+00  0.4875E-09  0.0000E+00  0.0000E+00
     1    98     1     1        0  0.0000E+00  0.3307E+02  0.0000E+00  0.0000E+00
     1    98     1     2        0  0.0000E+00  0.1049E-08  0.0000E+00  0.0000E+00
     1    99     1     1        0  0.0000E+00  0.1000E+03  0.0000E+00  0.0000E+00
     1    99     1     2        0  0.0000E+00  0.2963E-08  0.0000E+00  0.0000E+00
     1   100     1     1        0  0.0000E+00  0.2081E+02  0.0000E+00  0.0000E+00
     1   100     1     2        0  0.0000E+00  0.6286E-09  0.0000E+00  0.0000E+00
     1   101     1     1        0  0.0000E+00  0.8842E+01  0.0000E+00  0.0000E+00
     1   101     1     2        0  0.0000E+00  0.2915E-09  0.0000E+00  0.0000E+00
     1   102     1     1        0  0.0000E+00  0.4026E+01  0.0000E+00  0.0000E+00
     1   102     1     2        0  0.0000E+00  0.1367E-09  0.0000E+00  0.0000E+00
     1   103     1     1        0  0.0000E+00  0.1198E+01  0.0000E+00  0.0000E+00
     1   103     1     2        0  0.0000E+00  0.2664E-10  0.0000E+00  0.0000E+00
     1   104     1     1        0  0.0000E+00  0.1330E+01  0.0000E+00  0.0000E+00
     1   104     1     2        0  0.0000E+00  0.5301E-10  0.0000E+00  0.0000E+00
     1   105     1     1        0  0.0000E+00  0.3891E+01  0.0000E+00  0.0000E+00
     1   105     1     2        0  0.0000E+00  0.1186E-09  0.0000E+00  0.0000E+00
     1   106     1     1        0  0.0000E+00  0.6823E+01  0.0000E+00  0.0000E+00
     1   106     1     2        0  0.0000E+00  0.1978E-09  0.0000E+00  0.0000E+00
     1   107     1     1        0  0.0000E+00  0.1089E+02  0.0000E+00  0.0000E+00
     1   107     1     2        0  0.0000E+00  0.3423E-09  0.0000E+00  0.0000E+00
     1   108     1     1        0  0.0000E+00  0.1932E+02  0.0000E+00  0.0000E+00
     1   108     1     2        0  0.0000E+00  0.6291E-09  0.0000E+00  0.0000E+00
     1   109     1     1        0  0.0000E+00  0.6340E+02  0.0000E+00  0.0000E+00
     1   109     1     2        0  0.0000E+00  0.1986E-08  0.0000E+00  0.0000E+00
     1   110     1     1        0  0.0000E+00  0.4671E+02  0.0000E+00  0.0000E+00
     1   110     1     2        0  0.0000E+00  0.1386E-08  0.0000E+00  0.0000E+00
     1   111     1     1        0  0.0000E+00  0.1431E+02  0.0000E+00  0.0000E+00
     1   111     1     2        0  0.0000E+00  0.4381E-09  0.0000E+00  0.0000E+00
     1   112     1     1        0  0.0000E+00  0.6484E+01  0.0000E+00  0.0000E+00
     1   112     1     2        0  0.0000E+00  0.2164E-09  0.0000E+00  0.0000E+00
     1   113     1     1        0  0.0000E+00  0.2688E+01  0.0000E+00  0.0000E+00
     1   113     1     2        0  0.0000E+00  0.8931E-10  0.0000E+00  0.0000E+00
     1   114     1     1        0  0.0000E+00  0.1681E+00  0.0000E+00  0.0000E+00
     1   114     1     2        0  0.0000E+00  0.1539E-10  0.0000E+00  0.0000E+00
     1   115     1     1        0  0.0000E+00  0.2321E+01  0.0000E+00  0.0000E+00
     1   115     1     2        0  0.0000E+00  0.7851E-10  0.0000E+00  0.0000E+00
     1   116     1     1        0  0.0000E+00  0.4996E+01  0.0000E+00  0.0000E+00
     1   116     1     2        0  0.0000E+00  0.1482E-09  0.0000E+00  0.0000E+00
     1   117     1     1        0  0.0000E+00  0.8259E+01  0.0000E+00  0.0000E+00
     1   117     1     2        0  0.0000E+00  0.2510E-09  0.0000E+00  0.0000E+00
     1   118     1     1        0  0.0000E+00  0.1341E+02  0.0000E+00  0.0000E+00
     1   118     1     2        0  0.0000E+00  0.4297E-09  0.0000E+00  0.0000E+00
     1   119     1     1        0  0.0000E+00  0.2712E+02  0.0000E+00  0.0000E+00
     1   119     1     2        0  0.0000E+00  0.8731E-09  0.0000E+00  0.0000E+00
     1   120     1     1        0  0.0000E+00  0.1000E+03  0.0000E+00  0.0000E+00
     1   120     1     2        0  0.0000E+00  0.3065E-08  0.0000E+00  0.0000E+00
     1   121     1     1        0  0.0000E+00  0.2567E+02  0.0000E+00  0.0000E+00
     1   121     1     2        0  0.0000E+00  0.7774E-09  0.0000E+00  0.0000E+00
     1   122     1     1        0  0.0000E+00  0.1026E+02  0.0000E+00  0.0000E+00
     1   122     1     2        0  0.0000E+00  0.3240E-09  0.0000E+00  0.0000E+00
     1   123     1     1        0  0.0000E+00  0.4707E+01  0.0000E+00  0.0000E+00
     1   123     1     2        0  0.0000E+00  0.1561E-09  0.0000E+00  0.0000E+00
     1   124     1     1        0  0.0000E+00  0.1567E+01  0.0000E+00  0.0000E+00
     1   124     1     2        0  0.0000E+00  0.4974E-10  0.0000E+00  0.0000E+00
     1   125     1     1        0  0.0000E+00  0.8948E+00  0.0000E+00  0.0000E+00
     1   125     1     2        0  0.0000E+00  0.3500E-10  0.0000E+00  0.0000E+00
     1   126     1     1        0  0.0000E+00  0.3372E+01  0.0000E+00  0.0000E+00
     1   126     1     2        0  0.0000E+00  0.1069E-09  0.0000E+00  0.0000E+00
     1   127     1     1        0  0.0000E+00  0.6192E+01  0.0000E+00  0.0000E+00
     1   127     1     2        0  0.0000E+00  0.1843E-09  0.0000E+00  0.0000E+00
     1   128     1     1        0  0.0000E+00  0.9963E+01  0.0000E+00  0.0000E+00
     1   128     1     2        0  0.0000E+00  0.3057E-09  0.0000E+00  0.0000E+00
     1   129     1     1        0  0.0000E+00  0.1708E+02  0.0000E+00  0.0000E+00
     1   129     1     2        0  0.0000E+00  0.5441E-09  0.0000E+00  0.0000E+00
     1   130     1     1        0  0.0000E+00  0.4488E+02  0.0000E+00  0.0000E+00
     1   130     1     2        0  0.0000E+00  0.1426E-08  0.0000E+00  0.0000E+00
     1   131     1     1        0  0.0000E+00  0.7004E+02  0.0000E+00  0.0000E+00
     1   131     1     2        0  0.0000E+00  0.2136E-08  0.0000E+00  0.0000E+00
     1   132     1     1        0  0.0000E+00  0.1683E+02  0.0000E+00  0.0000E+00
     1   132     1     2        0  0.0000E+00  0.5126E-09  0.0000E+00  0.0000E+00
     1   133     1     1        0  0.0000E+00  0.7559E+01  0.0000E+00  0.0000E+00
     1   133     1     2        0  0.0000E+00  0.2420E-09  0.0000E+00  0.0000E+00
     1   134     1     1        0  0.0000E+00  0.3293E+01  0.0000E+00  0.0000E+00
     1   134     1     2        0  0.0000E+00  0.1111E-09  0.0000E+00  0.0000E+00
     1   135     1     1        0  0.0000E+00  0.5073E+00  0.0000E+00  0.0000E+00
     1   135     1     2        0  0.0000E+00  0.1351E-10  0.0000E+00  0.0000E+00
     1   136     1     1        0  0.0000E+00  0.1902E+01  0.0000E+00  0.0000E+00
     1   136     1     2        0  0.0000E+00  0.6624E-10  0.0000E+00  0.0000E+00
     1   137     1     1        0  0.0000E+00  0.4434E+01  0.0000E+00  0.0000E+00
     1   137     1     2        0  0.0000E+00  0.1389E-09  0.0000E+00  0.0000E+00
     1   138     1     1        0  0.0000E+00  0.7521E+01  0.0000E+00  0.0000E+00
     1   138     1     2        0  0.0000E+00  0.2270E-09  0.0000E+00  0.0000E+00
     1   139     1     1        0  0.0000E+00  0.1220E+02  0.0000E+00  0.0000E+00
     1   139     1     2        0  0.0000E+00  0.3767E-09  0.0000E+00  0.0000E+00
     1   140     1     1        0  0.0000E+00  0.2306E+02  0.0000E+00  0.0000E+00
     1   140     1     2        0  0.0000E+00  0.7381E-09  0.0000E+00  0.0000E+00
     1   141     1     1        0  0.0000E+00  0.1000E+03  0.0000E+00  0.0000E+00
     1   141     1     2        0  0.0000E+00  0.3148E-08  0.0000E+00  0.0000E+00
     1   142     1     1        0  0.0000E+00  0.3219E+02  0.0000E+00  0.0000E+00
     1   142     1     2        0  0.0000E+00  0.9817E-09  0.0000E+00  0.0000E+00
     1   143     1     1        0  0.0000E+00  0.1197E+02  0.0000E+00  0.0000E+00
     1   143     1     2        0  0.0000E+00  0.3681E-09  0.0000E+00  0.0000E+00
     1   144     1     1        0  0.0000E+00  0.5557E+01  0.0000E+00  0.0000E+00
     1   144     1     2        0  0.0000E+00  0.1811E-09  0.0000E+00  0.0000E+00
     1   145     1     1        0  0.0000E+00  0.2043E+01  0.0000E+00  0.0000E+00
     1   145     1     2        0  0.0000E+00  0.6884E-10  0.0000E+00  0.0000E+00
     1   146     1     1        0  0.0000E+00  0.5104E+00  0.0000E+00  0.0000E+00
     1   146     1     2        0  0.0000E+00  0.1921E-10  0.0000E+00  0.0000E+00
     1   147     1     1        0  0.0000E+00  0.2888E+01  0.0000E+00  0.0000E+00
     1   147     1     2        0  0.0000E+00  0.9451E-10  0.0000E+00  0.0000E+00
     1   148     1     1        0  0.0000E+00  0.5570E+01  0.0000E+00  0.0000E+00
     1   148     1     2        0  0.0000E+00  0.1694E-09  0.0000E+00  0.0000E+00
     1   149     1     1        0  0.0000E+00  0.9128E+01  0.0000E+00  0.0000E+00
     1   149     1     2        0  0.0000E+00  0.2790E-09  0.0000E+00  0.0000E+00
     1   150     1     1        0  0.0000E+00  0.1531E+02  0.0000E+00  0.0000E+00
     1   150     1     2        0  0.0000E+00  0.4796E-09  0.0000E+00  0.0000E+00
     1   151     1     1        0  0.0000E+00  0.3474E+02  0.0000E+00  0.0000E+00
     1   151     1     2        0  0.0000E+00  0.1099E-08  0.0000E+00  0.0000E+00
     1   152     1     1        0  0.0000E+00  0.1000E+03  0.0000E+00  0.0000E+00
     1   152     1     2        0  0.0000E+00  0.3119E-08  0.0000E+00  0.0000E+00
     1   153     1     1        0  0.0000E+00  0.2008E+02  0.0000E+00  0.0000E+00
     1   153     1     2        0  0.0000E+00  0.6113E-09  0.0000E+00  0.0000E+00
     1   154     1     1        0  0.0000E+00  0.8775E+01  0.0000E+00  0.0000E+00
     1   154     1     2        0  0.0000E+00  0.2745E-09  0.0000E+00  0.0000E+00
     1   155     1     1        0  0.0000E+00  0.3937E+01  0.0000E+00  0.0000E+00
     1   155     1     2        0  0.0000E+00  0.1285E-09  0.0000E+00  0.0000E+00
     1   156     1     1        0  0.0000E+00  0.9339E+00  0.0000E+00  0.0000E+00
     1   156     1     2        0  0.0000E+00  0.3124E-10  0.0000E+00  0.0000E+00
     1   157     1     1        0  0.0000E+00  0.1474E+01  0.0000E+00  0.0000E+00
     1   157     1     2        0  0.0000E+00  0.4921E-10  0.0000E+00  0.0000E+00
     1   158     1     1        0  0.0000E+00  0.3916E+01  0.0000E+00  0.0000E+00
     1   158     1     2        0  0.0000E+00  0.1242E-09  0.0000E+00  0.0000E+00
     1   159     1     1        0  0.0000E+00  0.6857E+01  0.0000E+00  0.0000E+00
     1   159     1     2        0  0.0000E+00  0.2093E-09  0.0000E+00  0.0000E+00
     1   160     1     1        0  0.0000E+00  0.1113E+02  0.0000E+00  0.0000E+00
     1   160     1     2        0  0.0000E+00  0.3423E-09  0.0000E+00  0.0000E+00
     1   161     1     1        0  0.0000E+00  0.2000E+02  0.0000E+00  0.0000E+00
     1   161     1     2        0  0.0000E+00  0.6275E-09  0.0000E+00  0.0000E+00
     1   162     1     1        0  0.0000E+00  0.6989E+02  0.0000E+00  0.0000E+00
     1   162     1     2        0  0.0000E+00  0.2218E-08  0.0000E+00  0.0000E+00
     1   163     1     1        0  0.0000E+00  0.4276E+02  0.0000E+00  0.0000E+00
     1   163     1     2        0  0.0000E+00  0.1326E-08  0.0000E+00  0.0000E+00
     1   164     1     1        0  0.0000E+00  0.1391E+02  0.0000E+00  0.0000E+00
     1   164     1     2        0  0.0000E+00  0.4217E-09  0.0000E+00  0.0000E+00
     1   165     1     1        0  0.0000E+00  0.6451E+01  0.0000E+00  0.0000E+00
     1   165     1     2        0  0.0000E+00  0.2011E-09  0.0000E+00  0.0000E+00
     1   166     1     1        0  0.0000E+00  0.2596E+01  0.0000E+00  0.0000E+00
     1   166     1     2        0  0.0000E+00  0.8570E-10  0.0000E+00  0.0000E+00
     1   167     1     1        0  0.0000E+00  0.8553E-01  0.0000E+00  0.0000E+00
     1   167     1     2        0  0.0000E+00  0.3758E-11  0.0000E+00  0.0000E+00
     1   168     1     1        0  0.0000E+00  0.2449E+01  0.0000E+00  0.0000E+00
     1   168     1     2        0  0.0000E+00  0.8090E-10  0.0000E+00  0.0000E+00
     1   169     1     1        0  0.0000E+00  0.5022E+01  0.0000E+00  0.0000E+00
     1   169     1     2        0  0.0000E+00  0.1573E-09  0.0000E+00  0.0000E+00
     1   170     1     1        0  0.0000E+00  0.8337E+01  0.0000E+00  0.0000E+00
     1   170     1     2        0  0.0000E+00  0.2568E-09  0.0000E+00  0.0000E+00
     1   171     1     1        0  0.0000E+00  0.1377E+02  0.0000E+00  0.0000E+00
     1   171     1     2        0  0.0000E+00  0.4268E-09  0.0000E+00  0.0000E+00
     1   172     1     1        0  0.0000E+00  0.2832E+02  0.0000E+00  0.0000E+00
     1   172     1     2        0  0.0000E+00  0.8930E-09  0.0000E+00  0.0000E+00
     1   173     1     1        0  0.0000E+00  0.1000E+03  0.0000E+00  0.0000E+00
     1   173     1     2        0  0.0000E+00  0.3146E-08  0.0000E+00  0.0000E+00
     1   174     1     1        0  0.0000E+00  0.2429E+02  0.0000E+00  0.0000E+00
     1   174     1     2        0  0.0000E+00  0.7489E-09  0.0000E+00  0.0000E+00
     1   175     1     1        0  0.0000E+00  0.1009E+02  0.0000E+00  0.0000E+00
     1   175     1     2        0  0.0000E+00  0.3112E-09  0.0000E+00  0.0000E+00
     1   176     1     1        0  0.0000E+00  0.4669E+01  0.0000E+00  0.0000E+00
     1   176     1     2        0  0.0000E+00  0.1481E-09  0.0000E+00  0.0000E+00
     1   177     1     1        0  0.0000E+00  0.1431E+01  0.0000E+00  0.0000E+00
     1   177     1     2        0  0.0000E+00  0.4905E-10  0.0000E+00  0.0000E+00
     1   178     1     1        0  0.0000E+00  0.1063E+01  0.0000E+00  0.0000E+00
     1   178     1     2        0  0.0000E+00  0.3535E-10  0.0000E+00  0.0000E+00
     1   179     1     1        0  0.0000E+00  0.3454E+01  0.0000E+00  0.0000E+00
     1   179     1     2        0  0.0000E+00  0.1126E-09  0.0000E+00  0.0000E+00
     1   180     1     1        0  0.0000E+00  0.6228E+01  0.0000E+00  0.0000E+00
     1   180     1     2        0  0.0000E+00  0.1939E-09  0.0000E+00  0.0000E+00
     1   181     1     1        0  0.0000E+00  0.1013E+02  0.0000E+00  0.0000E+00
     1   181     1     2        0  0.0000E+00  0.3109E-09  0.0000E+00  0.0000E+00
     1   182     1     1        0  0.0000E+00  0.1761E+02  0.0000E+00  0.0000E+00
     1   182     1     2        0  0.0000E+00  0.5506E-09  0.0000E+00  0.0000E+00
     1   183     1     1        0  0.0000E+00  0.4792E+02  0.0000E+00  0.0000E+00
     1   183     1     2        0  0.0000E+00  0.1519E-08  0.0000E+00  0.0000E+00
     1   184     1     1        0  0.0000E+00  0.6228E+02  0.0000E+00  0.0000E+00
     1   184     1     2        0  0.0000E+00  0.1950E-08  0.0000E+00  0.0000E+00
     1   185     1     1        0  0.0000E+00  0.1623E+02  0.0000E+00  0.0000E+00
     1   185     1     2        0  0.0000E+00  0.5074E-09  0.0000E+00  0.0000E+00
     1   186     1     1        0  0.0000E+00  0.7454E+01  0.0000E+00  0.0000E+00
     1   186     1     2        0  0.0000E+00  0.2305E-09  0.0000E+00  0.0000E+00
     1   187     1     1        0  0.0000E+00  0.3212E+01  0.0000E+00  0.0000E+00
     1   187     1     2        0  0.0000E+00  0.1040E-09  0.0000E+00  0.0000E+00
     1   188     1     1        0  0.0000E+00  0.3629E+00  0.0000E+00  0.0000E+00
     1   188     1     2        0  0.0000E+00  0.1337E-10  0.0000E+00  0.0000E+00
     1   189     1     1        0  0.0000E+00  0.2031E+01  0.0000E+00  0.0000E+00
     1   189     1     2        0  0.0000E+00  0.6511E-10  0.0000E+00  0.0000E+00
     1   190     1     1        0  0.0000E+00  0.4506E+01  0.0000E+00  0.0000E+00
     1   190     1     2        0  0.0000E+00  0.1418E-09  0.0000E+00  0.0000E+00
     1   191     1     1        0  0.0000E+00  0.7604E+01  0.0000E+00  0.0000E+00
     1   191     1     2        0  0.0000E+00  0.2365E-09  0.0000E+00  0.0000E+00
     1   192     1     1        0  0.0000E+00  0.1245E+02  0.0000E+00  0.0000E+00
     1   192     1     2        0  0.0000E+00  0.3864E-09  0.0000E+00  0.0000E+00
     1   193     1     1        0  0.0000E+00  0.2388E+02  0.0000E+00  0.0000E+00
     1   193     1     2        0  0.0000E+00  0.7489E-09  0.0000E+00  0.0000E+00
     1   194     1     1        0  0.0000E+00  0.1000E+03  0.0000E+00  0.0000E+00
     1   194     1     2        0  0.0000E+00  0.3134E-08  0.0000E+00  0.0000E+00
     1   195     1     1        0  0.0000E+00  0.3030E+02  0.0000E+00  0.0000E+00
     1   195     1     2        0  0.0000E+00  0.9455E-09  0.0000E+00  0.0000E+00
     1   196     1     1        0  0.0000E+00  0.1162E+02  0.0000E+00  0.0000E+00
     1   196     1     2        0  0.0000E+00  0.3577E-09  0.0000E+00  0.0000E+00
     1   197     1     1        0  0.0000E+00  0.5462E+01  0.0000E+00  0.0000E+00
     1   197     1     2        0  0.0000E+00  0.1683E-09  0.0000E+00  0.0000E+00
     1   198     1     1        0  0.0000E+00  0.1956E+01  0.0000E+00  0.0000E+00
     1   198     1     2        0  0.0000E+00  0.6399E-10  0.0000E+00  0.0000E+00
     1   199     1     1        0  0.0000E+00  0.6374E+00  0.0000E+00  0.0000E+00
     1   199     1     2        0  0.0000E+00  0.1807E-10  0.0000E+00  0.0000E+00
     1   200     1     1        0  0.0000E+00  0.3005E+01  0.0000E+00  0.0000E+00
     1   200     1     2        0  0.0000E+00  0.1168E-09  0.0000E+00  0.0000E+00
