SUMMARY OF C0NVERGENCE INFORMATION
  STEP   INC  ATT   ITER     CONT.   RESID.        CORR.      RESID.      CORR.
                              EL.    FORCE         DISP       FLUX        TEMP.
                              (#)     (%)           (%)        (%)         (%)
     1     1     1     1        0  0.0000E+00  0.4161E+02  0.0000E+00  0.0000E+00
     1     1     1     2        0  0.0000E+00  0.1250E-06  0.0000E+00  0.0000E+00
     1     2     1     1        0  0.0000E+00  0.5639E+02  0.0000E+00  0.0000E+00
     1     2     1     2        0  0.0000E+00  0.6973E-07  0.0000E+00  0.0000E+00
     1     3     1     1        0  0.0000E+00  0.1000E+03  0.0000E+00  0.0000E+00
     1     3     1     2        0  0.0000E+00  0.1587E-06  0.0000E+00  0.0000E+00
     1     4     1     1        0  0.0000E+00  0.5528E+02  0.0000E+00  0.0000E+00
     1     4     1     2        0  0.0000E+00  0.9397E-07  0.0000E+00  0.0000E+00
     1     5     1     1        0  0.0000E+00  0.1000E+03  0.0000E+00  0.0000E+00
     1     5     1     2        0  0.0000E+00  0.1744E-06  0.0000E+00  0.0000E+00
     1     6     1     1        0  0.0000E+00  0.9507E+02  0.0000E+00  0.0000E+00
     1     6     1     2        0  0.0000E+00  0.1264E-06  0.0000E+00  0.0000E+00
     1     7     1     1        0  0.0000E+00  0.4485E+02  0.0000E+00  0.0000E+00
     1     7     1     2        0  0.0000E+00  0.7542E-07  0.0000E+00  0.0000E+00
     1     8     1     1        0  0.0000E+00  0.1000E+03  0.0000E+00  0.0000E+00
     1     8     1     2        0  0.0000E+00  0.1372E-06  0.0000E+00  0.0000E+00
     1     9     1     1        0  0.0000E+00  0.2418E+02  0.0000E+00  0.0000E+00
     1     9     1     2        0  0.0000E+00  0.2207E-07  0.0000E+00  0.0000E+00
     1    10     1     1        0  0.0000E+00  0.1001E+02  0.0000E+00  0.0000E+00
     1    10     1     2        0  0.0000E+00  0.2766E-07  0.0000E+00  0.0000E+00
     1    11     1     1        0  0.0000E+00  0.8342E+02  0.0000E+00  0.0000E+00
     1    11     1     2        0  0.0000E+00  0.1245E-06  0.0000E+00  0.0000E+00
     1    12     1     1        0  0.0000E+00  0.7965E+02  0.0000E+00  0.0000E+00
     1    12     1     2        0  0.0000E+00  0.1176E-06  0.0000E+00  0.0000E+00
     1    13     1     1        0  0.0000E+00  0.7549E+02  0.0000E+00  0.0000E+00
     1    13     1     2        0  0.0000E+00  0.1055E-06  0.0000E+00  0.0000E+00
     1    14     1     1        0  0.0000E+00  0.5581E+02  0.0000E+00  0.0000E+00
     1    14     1     2        0  0.0000E+00  0.8423E-07  0.0000E+00  0.0000E+00
     1    15     1     1        0  0.0000E+00  0.8711E+02  0.0000E+00  0.0000E+00
     1    15     1     2        0  0.0000E+00  0.1294E-06  0.0000E+00  0.0000E+00
     1    16     1     1        0  0.0000E+00  0.8041E+02  0.0000E+00  0.0000E+00
     1    16     1     2        0  0.0000E+00  0.1281E-06  0.0000E+00  0.0000E+00
     1    17     1     1        0  0.0000E+00  0.7668E+02  0.0000E+00  0.0000E+00
     1    17     1     2        0  0.0000E+00  0.1120E-06  0.0000E+00  0.0000E+00
     1    18     1     1        0  0.0000E+00  0.6614E+02  0.0000E+00  0.0000E+00
     1    18     1     2        0  0.0000E+00  0.2399E-07  0.0000E+00  0.0000E+00
     1    19     1     1        0  0.0000E+00  0.8721E+02  0.0000E+00  0.0000E+00
     1    19     1     2        0  0.0000E+00  0.1579E-06  0.0000E+00  0.0000E+00
     1    20     1     1        0  0.0000E+00  0.7971E+02  0.0000E+00  0.0000E+00
     1    20     1     2        0  0.0000E+00  0.1221E-06  0.0000E+00  0.0000E+00
     1    21     1     1        0  0.0000E+00  0.7569E+02  0.0000E+00  0.0000E+00
     1    21     1     2        0  0.0000E+00  0.1497E-06  0.0000E+00  0.0000E+00
     1    22     1     1        0  0.0000E+00  0.6320E+02  0.0000E+00  0.0000E+00
     1    22     1     2        0  0.0000E+00  0.1379E-06  0.0000E+00  0.0000E+00
     1    23     1     1        0  0.0000E+00  0.8978E+02  0.0000E+00  0.0000E+00
     1    23     1     2        0  0.0000E+00  0.1385E-06  0.0000E+00  0.0000E+00
     1    24     1     1        0  0.0000E+00  0.8082E+02  0.0000E+00  0.0000E+00
     1    24     1     2        0  0.0000E+00  0.1374E-06  0.0000E+00  0.0000E+00
     1    25     1     1        0  0.0000E+00  0.7686E+02  0.0000E+00  0.0000E+00
     1    25     1     2        0  0.0000E+00  0.1241E-06  0.0000E+00  0.0000E+00
     1    26     1     1        0  0.0000E+00  0.6774E+02  0.0000E+00  0.0000E+00
     1    26     1     2        0  0.0000E+00  0.1022E-06  0.0000E+00  0.0000E+00
     1    27     1     1        0  0.0000E+00  0.9122E+02  0.0000E+00  0.0000E+00
     1    27     1     2        0  0.0000E+00  0.1494E-06  0.0000E+00  0.0000E+00
     1    28     1     1        0  0.0000E+00  0.8096E+02  0.0000E+00  0.0000E+00
     1    28     1     2        0  0.0000E+00  0.1327E-06  0.0000E+00  0.0000E+00
     1    29     1     1        0  0.0000E+00  0.7712E+02  0.0000E+00  0.0000E+00
     1    29     1     2        0  0.0000E+00  0.1023E-06  0.0000E+00  0.0000E+00
     1    30     1     1        0  0.0000E+00  0.6959E+02  0.0000E+00  0.0000E+00
     1    30     1     2        0  0.0000E+00  0.8454E-07  0.0000E+00  0.0000E+00
     1    31     1     1        0  0.0000E+00  0.9374E+02  0.0000E+00  0.0000E+00
     1    31     1     2        0  0.0000E+00  0.1750E-06  0.0000E+00  0.0000E+00
     1    32     1     1        0  0.0000E+00  0.8105E+02  0.0000E+00  0.0000E+00
     1    32     1     2        0  0.0000E+00  0.1314E-06  0.0000E+00  0.0000E+00
     1    33     1     1        0  0.0000E+00  0.7705E+02  0.0000E+00  0.0000E+00
     1    33     1     2        0  0.0000E+00  0.1399E-06  0.0000E+00  0.0000E+00
     1    34     1     1        0  0.0000E+00  0.6969E+02  0.0000E+00  0.0000E+00
     1    34     1     2        0  0.0000E+00  0.1298E-06  0.0000E+00  0.0000E+00
     1    35     1     1        0  0.0000E+00  0.9759E+02  0.0000E+00  0.0000E+00
     1    35     1     2        0  0.0000E+00  0.1487E-06  0.0000E+00  0.0000E+00
     1    36     1     1        0  0.0000E+00  0.8178E+02  0.0000E+00  0.0000E+00
     1    36     1     2        0  0.0000E+00  0.1334E-06  0.0000E+00  0.0000E+00
     1    37     1     1        0  0.0000E+00  0.7773E+02  0.0000E+00  0.0000E+00
     1    37     1     2        0  0.0000E+00  0.1345E-06  0.0000E+00  0.0000E+00
     1    38     1     1        0  0.0000E+00  0.7154E+02  0.0000E+00  0.0000E+00
     1    38     1     2        0  0.0000E+00  0.9841E-07  0.0000E+00  0.0000E+00
     1    39     1     1        0  0.0000E+00  0.1000E+03  0.0000E+00  0.0000E+00
     1    39     1     2        0  0.0000E+00  0.1879E-06  0.0000E+00  0.0000E+00
     1    40     1     1        0  0.0000E+00  0.8197E+02  0.0000E+00  0.0000E+00
     1    40     1     2        0  0.0000E+00  0.1397E-06  0.0000E+00  0.0000E+00
     1    41     1     1        0  0.0000E+00  0.7786E+02  0.0000E+00  0.0000E+00
     1    41     1     2        0  0.0000E+00  0.1229E-06  0.0000E+00  0.0000E+00
     1    42     1     1        0  0.0000E+00  0.7219E+02  0.0000E+00  0.0000E+00
     1    42     1     2        0  0.0000E+00  0.1182E-06  0.0000E+00  0.0000E+00
     1    43     1     1        0  0.0000E+00  0.1000E+03  0.0000E+00  0.0000E+00
     1    43     1     2        0  0.0000E+00  0.1461E-06  0.0000E+00  0.0000E+00
     1    44     1     1        0  0.0000E+00  0.8239E+02  0.0000E+00  0.0000E+00
     1    44     1     2        0  0.0000E+00  0.1370E-06  0.0000E+00  0.0000E+00
     1    45     1     1        0  0.0000E+00  0.7809E+02  0.0000E+00  0.0000E+00
     1    45     1     2        0  0.0000E+00  0.1268E-06  0.0000E+00  0.0000E+00
     1    46     1     1        0  0.0000E+00  0.7273E+02  0.0000E+00  0.0000E+00
     1    46     1     2        0  0.0000E+00  0.1222E-06  0.0000E+00  0.0000E+00
     1    47     1     1        0  0.0000E+00  0.1000E+03  0.0000E+00  0.0000E+00
     1    47     1     2        0  0.0000E+00  0.2147E-06  0.0000E+00  0.0000E+00
     1    48     1     1        0  0.0000E+00  0.8299E+02  0.0000E+00  0.0000E+00
     1    48     1     2        0  0.0000E+00  0.1515E-06  0.0000E+00  0.0000E+00
     1    49     1     1        0  0.0000E+00  0.7850E+02  0.0000E+00  0.0000E+00
     1    49     1     2        0  0.0000E+00  0.1281E-06  0.0000E+00  0.0000E+00
     1    50     1     1        0  0.0000E+00  0.7363E+02  0.0000E+00  0.0000E+00
     1    50     1     2        0  0.0000E+00  0.1170E-06  0.0000E+00  0.0000E+00
     1    51     1     1        0  0.0000E+00  0.1000E+03  0.0000E+00  0.0000E+00
     1    51     1     2        0  0.0000E+00  0.2270E-06  0.0000E+00  0.0000E+00
     1    52     1     1        0  0.0000E+00  0.8339E+02  0.0000E+00  0.0000E+00
     1    52     1     2        0  0.0000E+00  0.1738E-06  0.0000E+00  0.0000E+00
     1    53     1     1        0  0.0000E+00  0.7868E+02  0.0000E+00  0.0000E+00
     1    53     1     2        0  0.0000E+00  0.1052E-06  0.0000E+00  0.0000E+00
     1    54     1     1        0  0.0000E+00  0.7405E+02  0.0000E+00  0.0000E+00
     1    54     1     2        0  0.0000E+00  0.1319E-06  0.0000E+00  0.0000E+00
     1    55     1     1        0  0.0000E+00  0.4761E+02  0.0000E+00  0.0000E+00
     1    55     1     2        0  0.0000E+00  0.1022E-05  0.0000E+00  0.0000E+00
     1    56     1     1        0  0.0000E+00  0.8402E+02  0.0000E+00  0.0000E+00
     1    56     1     2        0  0.0000E+00  0.2045E-06  0.0000E+00  0.0000E+00
     1    57     1     1        0  0.0000E+00  0.7898E+02  0.0000E+00  0.0000E+00
     1    57     1     2        0  0.0000E+00  0.1479E-06  0.0000E+00  0.0000E+00
     1    58     1     1        0  0.0000E+00  0.7455E+02  0.0000E+00  0.0000E+00
     1    58     1     2        0  0.0000E+00  0.2737E-06  0.0000E+00  0.0000E+00
     1    59     1     1        0  0.0000E+00  0.2777E+02  0.0000E+00  0.0000E+00
     1    59     1     2        0  0.0000E+00  0.8917E-06  0.0000E+00  0.0000E+00
     1    60     1     1        0  0.0000E+00  0.8471E+02  0.0000E+00  0.0000E+00
     1    60     1     2        0  0.0000E+00  0.3576E-06  0.0000E+00  0.0000E+00
     1    61     1     1        0  0.0000E+00  0.7930E+02  0.0000E+00  0.0000E+00
     1    61     1     2        0  0.0000E+00  0.2761E-06  0.0000E+00  0.0000E+00
     1    62     1     1        0  0.0000E+00  0.7507E+02  0.0000E+00  0.0000E+00
     1    62     1     2        0  0.0000E+00  0.4034E-06  0.0000E+00  0.0000E+00
     1    63     1     1        0  0.0000E+00  0.4798E+02  0.0000E+00  0.0000E+00
     1    63     1     2        0  0.0000E+00  0.1556E-05  0.0000E+00  0.0000E+00
     1    64     1     1        0  0.0000E+00  0.8542E+02  0.0000E+00  0.0000E+00
     1    64     1     2        0  0.0000E+00  0.4419E-06  0.0000E+00  0.0000E+00
     1    65     1     1        0  0.0000E+00  0.7954E+02  0.0000E+00  0.0000E+00
     1    65     1     2        0  0.0000E+00  0.2343E-06  0.0000E+00  0.0000E+00
     1    66     1     1        0  0.0000E+00  0.7543E+02  0.0000E+00  0.0000E+00
     1    66     1     2        0  0.0000E+00  0.7524E-06  0.0000E+00  0.0000E+00
     1    67     1     1        0  0.0000E+00  0.5608E+02  0.0000E+00  0.0000E+00
     1    67     1     2        0  0.0000E+00  0.2205E-05  0.0000E+00  0.0000E+00
     1    68     1     1        0  0.0000E+00  0.8636E+02  0.0000E+00  0.0000E+00
     1    68     1     2        0  0.0000E+00  0.1040E-05  0.0000E+00  0.0000E+00
     1    69     1     1        0  0.0000E+00  0.7985E+02  0.0000E+00  0.0000E+00
     1    69     1     2        0  0.0000E+00  0.7049E-06  0.0000E+00  0.0000E+00
     1    70     1     1        0  0.0000E+00  0.7584E+02  0.0000E+00  0.0000E+00
     1    70     1     2        0  0.0000E+00  0.9522E-06  0.0000E+00  0.0000E+00
     1    71     1     1        0  0.0000E+00  0.6116E+02  0.0000E+00  0.0000E+00
     1    71     1     2        0  0.0000E+00  0.3885E-05  0.0000E+00  0.0000E+00
     1    72     1     1        0  0.0000E+00  0.8744E+02  0.0000E+00  0.0000E+00
     1    72     1     2        0  0.0000E+00  0.2625E-05  0.0000E+00  0.0000E+00
     1    73     1     1        0  0.0000E+00  0.8015E+02  0.0000E+00  0.0000E+00
     1    73     1     2        0  0.0000E+00  0.1251E-05  0.0000E+00  0.0000E+00
     1    74     1     1        0  0.0000E+00  0.7621E+02  0.0000E+00  0.0000E+00
     1    74     1     2        0  0.0000E+00  0.2430E-05  0.0000E+00  0.0000E+00
     1    75     1     1        0  0.0000E+00  0.6449E+02  0.0000E+00  0.0000E+00
     1    75     1     2        0  0.0000E+00  0.1407E-04  0.0000E+00  0.0000E+00
     1    76     1     1        0  0.0000E+00  0.8877E+02  0.0000E+00  0.0000E+00
     1    76     1     2        0  0.0000E+00  0.1140E-04  0.0000E+00  0.0000E+00
     1    77     1     1        0  0.0000E+00  0.8044E+02  0.0000E+00  0.0000E+00
     1    77     1     2        0  0.0000E+00  0.3847E-05  0.0000E+00  0.0000E+00
     1    78     1     1        0  0.0000E+00  0.7653E+02  0.0000E+00  0.0000E+00
     1    78     1     2        0  0.0000E+00  0.5175E-05  0.0000E+00  0.0000E+00
     1    79     1     1        0  0.0000E+00  0.6672E+02  0.0000E+00  0.0000E+00
     1    79     1     2        0  0.0000E+00  0.1251E-04  0.0000E+00  0.0000E+00
     1    80     1     1        0  0.0000E+00  0.9049E+02  0.0000E+00  0.0000E+00
     1    80     1     2        0  0.0000E+00  0.1922E-04  0.0000E+00  0.0000E+00
